<?xml version="1.0" encoding="UTF-8"?>
<robot generator="Robot 4.1.3 (Python 3.10.2 on win32)" generated="20220209 17:09:01.771" rpa="false" schemaversion="2">
<suite id="s1" name="Db4Free Suite" source="C:\Users\Anusha\Desktop\RFP\robot_project\selenium_suite\db4free_suite.robot">
<test id="s1-t1" name="TC1 Multitabs login">
<kw name="Open Browser" library="SeleniumLibrary">
<arg>url= https://www.db4free.net/</arg>
<arg>browser=chrome</arg>
<arg>executable_path=${EXECDIR}\\drivers\\chromedriver.exe</arg>
<doc>Opens a new browser instance to the optional ``url``.</doc>
<msg timestamp="20220209 17:09:02.371" level="INFO">Opening browser 'chrome' to base url ' https://www.db4free.net/'.</msg>
<status status="PASS" starttime="20220209 17:09:02.370" endtime="20220209 17:09:07.827"/>
</kw>
<kw name="Maximize Browser Window" library="SeleniumLibrary">
<doc>Maximizes current browser window.</doc>
<status status="PASS" starttime="20220209 17:09:07.827" endtime="20220209 17:09:08.091"/>
</kw>
<kw name="Set Selenium Implicit Wait" library="SeleniumLibrary">
<arg>20s</arg>
<doc>Sets the implicit wait value used by Selenium.</doc>
<status status="PASS" starttime="20220209 17:09:08.092" endtime="20220209 17:09:08.094"/>
</kw>
<kw name="Click Element" library="SeleniumLibrary">
<arg>xpath=//b[contains(text(),'php']</arg>
<doc>Click the element identified by ``locator``.</doc>
<msg timestamp="20220209 17:09:08.095" level="INFO">Clicking element 'xpath=//b[contains(text(),'php']'.</msg>
<msg timestamp="20220209 17:09:08.422" level="INFO" html="true">&lt;/td&gt;&lt;/tr&gt;&lt;tr&gt;&lt;td colspan="3"&gt;&lt;a href="selenium-screenshot-14.png"&gt;&lt;img src="selenium-screenshot-14.png" width="800px"&gt;&lt;/a&gt;</msg>
<msg timestamp="20220209 17:09:08.495" level="FAIL">InvalidSelectorException: Message: invalid selector: Unable to locate an element with the xpath expression //b[contains(text(),'php'] because of the following error:
SyntaxError: Failed to execute 'evaluate' on 'Document': The string '//b[contains(text(),'php']' is not a valid XPath expression.
  (Session info: chrome=98.0.4758.82)
Stacktrace:
Backtrace:
	Ordinal0 [0x01337AC3+2587331]
	Ordinal0 [0x012CADD1+2141649]
	Ordinal0 [0x011C3BB8+1063864]
	Ordinal0 [0x011C63D7+1074135]
	Ordinal0 [0x011C629E+1073822]
	Ordinal0 [0x011C6510+1074448]
	Ordinal0 [0x011EFF42+1244994]
	Ordinal0 [0x011F03CB+1246155]
	Ordinal0 [0x0121A64C+1418828]
	Ordinal0 [0x012086D4+1345236]
	Ordinal0 [0x01218A0A+1411594]
	Ordinal0 [0x012084A6+1344678]
	Ordinal0 [0x011E53F6+1201142]
	Ordinal0 [0x011E62E6+1204966]
	GetHandleVerifier [0x014DDF22+1680738]
	GetHandleVerifier [0x01590DBC+2413564]
	GetHandleVerifier [0x013CD151+563089]
	GetHandleVerifier [0x013CBF13+558419]
	Ordinal0 [0x012D081E+2164766]
	Ordinal0 [0x012D5508+2184456]
	Ordinal0 [0x012D5650+2184784]
	Ordinal0 [0x012DF5BC+2225596]
	BaseThreadInitThunk [0x76008494+36]
	RtlAreBitsSet [0x77CC41C8+136]
	RtlAreBitsSet [0x77CC4198+88]
</msg>
<status status="FAIL" starttime="20220209 17:09:08.095" endtime="20220209 17:09:08.495"/>
</kw>
<kw name="Switch Window" library="SeleniumLibrary">
<arg>phpMyAdmin</arg>
<doc>Switches to browser window matching ``locator``.</doc>
<status status="NOT RUN" starttime="20220209 17:09:08.497" endtime="20220209 17:09:08.497"/>
</kw>
<kw name="Input Text" library="SeleniumLibrary">
<arg>id=input_username</arg>
<arg>abxc</arg>
<doc>Types the given ``text`` into the text field identified by ``locator``.</doc>
<status status="NOT RUN" starttime="20220209 17:09:08.498" endtime="20220209 17:09:08.498"/>
</kw>
<kw name="Input Text" library="SeleniumLibrary">
<arg>id=input_password</arg>
<arg>test123</arg>
<doc>Types the given ``text`` into the text field identified by ``locator``.</doc>
<status status="NOT RUN" starttime="20220209 17:09:08.499" endtime="20220209 17:09:08.500"/>
</kw>
<kw name="Click Element" library="SeleniumLibrary">
<arg>id=input_go</arg>
<doc>Click the element identified by ``locator``.</doc>
<status status="NOT RUN" starttime="20220209 17:09:08.500" endtime="20220209 17:09:08.501"/>
</kw>
<kw name="Switch Window" library="SeleniumLibrary">
<arg>db4free.net - MySQL Database for free</arg>
<doc>Switches to browser window matching ``locator``.</doc>
<status status="NOT RUN" starttime="20220209 17:09:08.502" endtime="20220209 17:09:08.502"/>
</kw>
<kw name="Click Element" library="SeleniumLibrary">
<arg>link=Donations</arg>
<doc>Click the element identified by ``locator``.</doc>
<status status="NOT RUN" starttime="20220209 17:09:08.503" endtime="20220209 17:09:08.504"/>
</kw>
<kw name="Input Text" library="SeleniumLibrary">
<arg>id=form_amount</arg>
<arg>-90</arg>
<doc>Types the given ``text`` into the text field identified by ``locator``.</doc>
<status status="NOT RUN" starttime="20220209 17:09:08.504" endtime="20220209 17:09:08.505"/>
</kw>
<kw name="Select From List By Label" library="SeleniumLibrary">
<arg>name=currency_code</arg>
<arg>JPY</arg>
<doc>Selects options from selection list ``locator`` by ``labels``.</doc>
<status status="NOT RUN" starttime="20220209 17:09:08.506" endtime="20220209 17:09:08.506"/>
</kw>
<kw name="Click Element" library="SeleniumLibrary">
<arg>name=submit</arg>
<doc>Click the element identified by ``locator``.</doc>
<status status="NOT RUN" starttime="20220209 17:09:08.507" endtime="20220209 17:09:08.507"/>
</kw>
<kw name="Close Window" library="SeleniumLibrary">
<doc>Closes currently opened and selected browser window/tab.</doc>
<status status="NOT RUN" starttime="20220209 17:09:08.507" endtime="20220209 17:09:08.507"/>
</kw>
<status status="FAIL" starttime="20220209 17:09:02.370" endtime="20220209 17:09:08.509">InvalidSelectorException: Message: invalid selector: Unable to locate an element with the xpath expression //b[contains(text(),'php'] because of the following error:
SyntaxError: Failed to execute 'evaluate' on 'Document': The string '//b[contains(text(),'php']' is not a valid XPath expression.
  (Session info: chrome=98.0.4758.82)
Stacktrace:
Backtrace:
	Ordinal0 [0x01337AC3+2587331]
	Ordinal0 [0x012CADD1+2141649]
	Ordinal0 [0x011C3BB8+1063864]
	Ordinal0 [0x011C63D7+1074135]
	Ordinal0 [0x011C629E+1073822]
	Ordinal0 [0x011C6510+1074448]
	Ordinal0 [0x011EFF42+1244994]
	Ordinal0 [0x011F03CB+1246155]
	Ordinal0 [0x0121A64C+1418828]
	Ordinal0 [0x012086D4+1345236]
	Ordinal0 [0x01218A0A+1411594]
	Ordinal0 [0x012084A6+1344678]
	Ordinal0 [0x011E53F6+1201142]
	Ordinal0 [0x011E62E6+1204966]
	GetHandleVerifier [0x014DDF22+1680738]
	GetHandleVerifier [0x01590DBC+2413564]
	GetHandleVerifier [0x013CD151+563089]
	GetHandleVerifier [0x013CBF13+558419]
	Ordinal0 [0x012D081E+2164766]
	Ordinal0 [0x012D5508+2184456]
	Ordinal0 [0x012D5650+2184784]
	Ordinal0 [0x012DF5BC+2225596]
	BaseThreadInitThunk [0x76008494+36]
	RtlAreBitsSet [0x77CC41C8+136]
	RtlAreBitsSet [0x77CC4198+88]
</status>
</test>
<status status="FAIL" starttime="20220209 17:09:01.775" endtime="20220209 17:09:08.514"/>
</suite>
<statistics>
<total>
<stat pass="0" fail="1" skip="0">All Tests</stat>
</total>
<tag>
</tag>
<suite>
<stat pass="0" fail="1" skip="0" id="s1" name="Db4Free Suite">Db4Free Suite</stat>
</suite>
</statistics>
<errors>
</errors>
</robot>
